2025/05/31 13:06:11 [emerg] 1#1: host not found in upstream "main-app:8000" in /etc/nginx/conf.d/default.conf:2
2025/05/31 13:06:18 [emerg] 1#1: host not found in upstream "main-app:8000" in /etc/nginx/conf.d/default.conf:2
2025/05/31 13:06:24 [emerg] 1#1: host not found in upstream "main-app:8000" in /etc/nginx/conf.d/default.conf:2
2025/05/31 13:06:31 [emerg] 1#1: host not found in upstream "main-app:8000" in /etc/nginx/conf.d/default.conf:2
2025/05/31 13:06:37 [emerg] 1#1: host not found in upstream "main-app:8000" in /etc/nginx/conf.d/default.conf:2
2025/05/31 13:06:43 [notice] 1#1: using the "epoll" event method
2025/05/31 13:06:43 [notice] 1#1: nginx/1.27.5
2025/05/31 13:06:43 [notice] 1#1: built by gcc 14.2.0 (Alpine 14.2.0) 
2025/05/31 13:06:43 [notice] 1#1: OS: Linux 5.15.167.4-microsoft-standard-WSL2
2025/05/31 13:06:43 [notice] 1#1: getrlimit(RLIMIT_NOFILE): 1048576:1048576
2025/05/31 13:06:43 [notice] 1#1: start worker processes
2025/05/31 13:06:43 [notice] 1#1: start worker process 29
2025/05/31 13:06:43 [notice] 1#1: start worker process 30
2025/05/31 13:06:43 [notice] 1#1: start worker process 31
2025/05/31 13:06:43 [notice] 1#1: start worker process 32
2025/05/31 13:06:43 [notice] 1#1: start worker process 33
2025/05/31 13:06:43 [notice] 1#1: start worker process 34
2025/05/31 13:06:43 [notice] 1#1: start worker process 35
2025/05/31 13:06:43 [notice] 1#1: start worker process 36
2025/05/31 13:06:43 [notice] 1#1: start worker process 37
2025/05/31 13:06:43 [notice] 1#1: start worker process 38
2025/05/31 13:06:43 [notice] 1#1: start worker process 39
2025/05/31 13:06:43 [notice] 1#1: start worker process 40
2025/05/31 13:07:34 [notice] 1#1: signal 3 (SIGQUIT) received, shutting down
2025/05/31 13:07:34 [notice] 29#29: gracefully shutting down
2025/05/31 13:07:34 [notice] 30#30: gracefully shutting down
2025/05/31 13:07:34 [notice] 31#31: gracefully shutting down
2025/05/31 13:07:34 [notice] 33#33: gracefully shutting down
2025/05/31 13:07:34 [notice] 35#35: gracefully shutting down
2025/05/31 13:07:34 [notice] 34#34: gracefully shutting down
2025/05/31 13:07:34 [notice] 32#32: gracefully shutting down
2025/05/31 13:07:34 [notice] 36#36: gracefully shutting down
2025/05/31 13:07:34 [notice] 37#37: gracefully shutting down
2025/05/31 13:07:34 [notice] 39#39: gracefully shutting down
2025/05/31 13:07:34 [notice] 38#38: gracefully shutting down
2025/05/31 13:07:34 [notice] 40#40: gracefully shutting down
2025/05/31 13:07:34 [notice] 29#29: exiting
2025/05/31 13:07:34 [notice] 29#29: exit
2025/05/31 13:07:34 [notice] 30#30: exiting
2025/05/31 13:07:34 [notice] 31#31: exiting
2025/05/31 13:07:34 [notice] 30#30: exit
2025/05/31 13:07:34 [notice] 33#33: exiting
2025/05/31 13:07:34 [notice] 35#35: exiting
2025/05/31 13:07:34 [notice] 34#34: exiting
2025/05/31 13:07:34 [notice] 36#36: exiting
2025/05/31 13:07:34 [notice] 37#37: exiting
2025/05/31 13:07:34 [notice] 32#32: exiting
2025/05/31 13:07:34 [notice] 39#39: exiting
2025/05/31 13:07:34 [notice] 38#38: exiting
2025/05/31 13:07:34 [notice] 40#40: exiting
2025/05/31 13:07:34 [notice] 31#31: exit
2025/05/31 13:07:34 [notice] 33#33: exit
2025/05/31 13:07:34 [notice] 35#35: exit
2025/05/31 13:07:34 [notice] 34#34: exit
2025/05/31 13:07:34 [notice] 37#37: exit
2025/05/31 13:07:34 [notice] 36#36: exit
2025/05/31 13:07:34 [notice] 32#32: exit
2025/05/31 13:07:34 [notice] 39#39: exit
2025/05/31 13:07:34 [notice] 38#38: exit
2025/05/31 13:07:34 [notice] 40#40: exit
2025/05/31 13:07:34 [notice] 1#1: signal 17 (SIGCHLD) received from 31
2025/05/31 13:07:34 [notice] 1#1: worker process 31 exited with code 0
2025/05/31 13:07:34 [notice] 1#1: signal 29 (SIGIO) received
2025/05/31 13:07:34 [notice] 1#1: signal 17 (SIGCHLD) received from 39
2025/05/31 13:07:34 [notice] 1#1: worker process 34 exited with code 0
2025/05/31 13:07:34 [notice] 1#1: worker process 38 exited with code 0
2025/05/31 13:07:34 [notice] 1#1: worker process 39 exited with code 0
2025/05/31 13:07:34 [notice] 1#1: signal 29 (SIGIO) received
2025/05/31 13:07:34 [notice] 1#1: signal 17 (SIGCHLD) received from 35
2025/05/31 13:07:34 [notice] 1#1: worker process 32 exited with code 0
2025/05/31 13:07:34 [notice] 1#1: worker process 33 exited with code 0
2025/05/31 13:07:34 [notice] 1#1: worker process 35 exited with code 0
2025/05/31 13:07:34 [notice] 1#1: worker process 37 exited with code 0
2025/05/31 13:07:34 [notice] 1#1: worker process 40 exited with code 0
2025/05/31 13:07:34 [notice] 1#1: signal 29 (SIGIO) received
2025/05/31 13:07:34 [notice] 1#1: signal 17 (SIGCHLD) received from 40
2025/05/31 13:07:34 [notice] 1#1: signal 17 (SIGCHLD) received from 36
2025/05/31 13:07:34 [notice] 1#1: worker process 36 exited with code 0
2025/05/31 13:07:34 [notice] 1#1: signal 29 (SIGIO) received
2025/05/31 13:07:34 [notice] 1#1: signal 17 (SIGCHLD) received from 30
2025/05/31 13:07:34 [notice] 1#1: worker process 30 exited with code 0
2025/05/31 13:07:34 [notice] 1#1: signal 29 (SIGIO) received
2025/05/31 13:07:34 [notice] 1#1: signal 17 (SIGCHLD) received from 29
2025/05/31 13:07:34 [notice] 1#1: worker process 29 exited with code 0
2025/05/31 13:07:34 [notice] 1#1: exit
2025/05/31 13:07:37 [notice] 1#1: using the "epoll" event method
2025/05/31 13:07:37 [notice] 1#1: nginx/1.27.5
2025/05/31 13:07:37 [notice] 1#1: built by gcc 14.2.0 (Alpine 14.2.0) 
2025/05/31 13:07:37 [notice] 1#1: OS: Linux 5.15.167.4-microsoft-standard-WSL2
2025/05/31 13:07:37 [notice] 1#1: getrlimit(RLIMIT_NOFILE): 1048576:1048576
2025/05/31 13:07:37 [notice] 1#1: start worker processes
2025/05/31 13:07:37 [notice] 1#1: start worker process 29
2025/05/31 13:07:37 [notice] 1#1: start worker process 30
2025/05/31 13:07:37 [notice] 1#1: start worker process 31
2025/05/31 13:07:37 [notice] 1#1: start worker process 32
2025/05/31 13:07:37 [notice] 1#1: start worker process 33
2025/05/31 13:07:37 [notice] 1#1: start worker process 34
2025/05/31 13:07:37 [notice] 1#1: start worker process 35
2025/05/31 13:07:37 [notice] 1#1: start worker process 36
2025/05/31 13:07:37 [notice] 1#1: start worker process 37
2025/05/31 13:07:37 [notice] 1#1: start worker process 38
2025/05/31 13:07:37 [notice] 1#1: start worker process 39
2025/05/31 13:07:37 [notice] 1#1: start worker process 40
2025/05/31 13:08:30 [notice] 1#1: signal 3 (SIGQUIT) received, shutting down
2025/05/31 13:08:30 [notice] 29#29: gracefully shutting down
2025/05/31 13:08:30 [notice] 30#30: gracefully shutting down
2025/05/31 13:08:30 [notice] 32#32: gracefully shutting down
2025/05/31 13:08:30 [notice] 36#36: gracefully shutting down
2025/05/31 13:08:30 [notice] 35#35: gracefully shutting down
2025/05/31 13:08:30 [notice] 35#35: exiting
2025/05/31 13:08:30 [notice] 34#34: gracefully shutting down
2025/05/31 13:08:30 [notice] 37#37: gracefully shutting down
2025/05/31 13:08:30 [notice] 31#31: gracefully shutting down
2025/05/31 13:08:30 [notice] 33#33: gracefully shutting down
2025/05/31 13:08:30 [notice] 38#38: gracefully shutting down
2025/05/31 13:08:30 [notice] 39#39: gracefully shutting down
2025/05/31 13:08:30 [notice] 40#40: gracefully shutting down
2025/05/31 13:08:30 [notice] 29#29: exiting
2025/05/31 13:08:30 [notice] 30#30: exiting
2025/05/31 13:08:30 [notice] 32#32: exiting
2025/05/31 13:08:30 [notice] 36#36: exiting
2025/05/31 13:08:30 [notice] 35#35: exit
2025/05/31 13:08:30 [notice] 34#34: exiting
2025/05/31 13:08:30 [notice] 37#37: exiting
2025/05/31 13:08:30 [notice] 31#31: exiting
2025/05/31 13:08:30 [notice] 31#31: exit
2025/05/31 13:08:30 [notice] 33#33: exiting
2025/05/31 13:08:30 [notice] 38#38: exiting
2025/05/31 13:08:30 [notice] 39#39: exiting
2025/05/31 13:08:30 [notice] 40#40: exiting
2025/05/31 13:08:30 [notice] 29#29: exit
2025/05/31 13:08:30 [notice] 30#30: exit
2025/05/31 13:08:30 [notice] 32#32: exit
2025/05/31 13:08:30 [notice] 36#36: exit
2025/05/31 13:08:30 [notice] 34#34: exit
2025/05/31 13:08:30 [notice] 37#37: exit
2025/05/31 13:08:30 [notice] 38#38: exit
2025/05/31 13:08:30 [notice] 39#39: exit
2025/05/31 13:08:30 [notice] 40#40: exit
2025/05/31 13:08:30 [notice] 33#33: exit
2025/05/31 13:08:30 [notice] 1#1: signal 17 (SIGCHLD) received from 31
2025/05/31 13:08:30 [notice] 1#1: worker process 31 exited with code 0
2025/05/31 13:08:30 [notice] 1#1: signal 29 (SIGIO) received
2025/05/31 13:08:30 [notice] 1#1: signal 17 (SIGCHLD) received from 30
2025/05/31 13:08:30 [notice] 1#1: worker process 30 exited with code 0
2025/05/31 13:08:30 [notice] 1#1: signal 29 (SIGIO) received
2025/05/31 13:08:30 [notice] 1#1: signal 17 (SIGCHLD) received from 40
2025/05/31 13:08:30 [notice] 1#1: worker process 29 exited with code 0
2025/05/31 13:08:30 [notice] 1#1: worker process 34 exited with code 0
2025/05/31 13:08:30 [notice] 1#1: worker process 35 exited with code 0
2025/05/31 13:08:30 [notice] 1#1: worker process 36 exited with code 0
2025/05/31 13:08:30 [notice] 1#1: worker process 38 exited with code 0
2025/05/31 13:08:30 [notice] 1#1: worker process 39 exited with code 0
2025/05/31 13:08:30 [notice] 1#1: worker process 40 exited with code 0
2025/05/31 13:08:30 [notice] 1#1: signal 29 (SIGIO) received
2025/05/31 13:08:30 [notice] 1#1: signal 17 (SIGCHLD) received from 38
2025/05/31 13:08:30 [notice] 1#1: signal 17 (SIGCHLD) received from 32
2025/05/31 13:08:30 [notice] 1#1: worker process 32 exited with code 0
2025/05/31 13:08:30 [notice] 1#1: signal 29 (SIGIO) received
2025/05/31 13:08:30 [notice] 1#1: signal 17 (SIGCHLD) received from 33
2025/05/31 13:08:30 [notice] 1#1: worker process 33 exited with code 0
2025/05/31 13:08:30 [notice] 1#1: signal 29 (SIGIO) received
2025/05/31 13:08:30 [notice] 1#1: signal 17 (SIGCHLD) received from 37
2025/05/31 13:08:30 [notice] 1#1: worker process 37 exited with code 0
2025/05/31 13:08:30 [notice] 1#1: exit
2025/05/31 13:08:32 [notice] 1#1: using the "epoll" event method
2025/05/31 13:08:32 [notice] 1#1: nginx/1.27.5
2025/05/31 13:08:32 [notice] 1#1: built by gcc 14.2.0 (Alpine 14.2.0) 
2025/05/31 13:08:32 [notice] 1#1: OS: Linux 5.15.167.4-microsoft-standard-WSL2
2025/05/31 13:08:32 [notice] 1#1: getrlimit(RLIMIT_NOFILE): 1048576:1048576
2025/05/31 13:08:32 [notice] 1#1: start worker processes
2025/05/31 13:08:32 [notice] 1#1: start worker process 29
2025/05/31 13:08:32 [notice] 1#1: start worker process 30
2025/05/31 13:08:32 [notice] 1#1: start worker process 31
2025/05/31 13:08:32 [notice] 1#1: start worker process 32
2025/05/31 13:08:32 [notice] 1#1: start worker process 33
2025/05/31 13:08:32 [notice] 1#1: start worker process 34
2025/05/31 13:08:32 [notice] 1#1: start worker process 35
2025/05/31 13:08:32 [notice] 1#1: start worker process 36
2025/05/31 13:08:32 [notice] 1#1: start worker process 37
2025/05/31 13:08:32 [notice] 1#1: start worker process 38
2025/05/31 13:08:32 [notice] 1#1: start worker process 39
2025/05/31 13:08:32 [notice] 1#1: start worker process 40
2025/05/31 13:10:49 [notice] 1#1: signal 3 (SIGQUIT) received, shutting down
2025/05/31 13:10:49 [notice] 29#29: gracefully shutting down
2025/05/31 13:10:49 [notice] 32#32: gracefully shutting down
2025/05/31 13:10:49 [notice] 32#32: exiting
2025/05/31 13:10:49 [notice] 35#35: gracefully shutting down
2025/05/31 13:10:49 [notice] 35#35: exiting
2025/05/31 13:10:49 [notice] 36#36: gracefully shutting down
2025/05/31 13:10:49 [notice] 36#36: exiting
2025/05/31 13:10:49 [notice] 36#36: exit
2025/05/31 13:10:49 [notice] 40#40: gracefully shutting down
2025/05/31 13:10:49 [notice] 30#30: gracefully shutting down
2025/05/31 13:10:49 [notice] 30#30: exiting
2025/05/31 13:10:49 [notice] 30#30: exit
2025/05/31 13:10:49 [notice] 34#34: gracefully shutting down
2025/05/31 13:10:49 [notice] 31#31: gracefully shutting down
2025/05/31 13:10:49 [notice] 31#31: exiting
2025/05/31 13:10:49 [notice] 33#33: gracefully shutting down
2025/05/31 13:10:49 [notice] 29#29: exiting
2025/05/31 13:10:49 [notice] 29#29: exit
2025/05/31 13:10:49 [notice] 38#38: gracefully shutting down
2025/05/31 13:10:49 [notice] 38#38: exiting
2025/05/31 13:10:49 [notice] 39#39: gracefully shutting down
2025/05/31 13:10:49 [notice] 39#39: exiting
2025/05/31 13:10:49 [notice] 37#37: gracefully shutting down
2025/05/31 13:10:49 [notice] 32#32: exit
2025/05/31 13:10:49 [notice] 35#35: exit
2025/05/31 13:10:49 [notice] 40#40: exiting
2025/05/31 13:10:49 [notice] 40#40: exit
2025/05/31 13:10:49 [notice] 34#34: exiting
2025/05/31 13:10:49 [notice] 31#31: exit
2025/05/31 13:10:49 [notice] 33#33: exiting
2025/05/31 13:10:49 [notice] 38#38: exit
2025/05/31 13:10:49 [notice] 39#39: exit
2025/05/31 13:10:49 [notice] 37#37: exiting
2025/05/31 13:10:49 [notice] 37#37: exit
2025/05/31 13:10:49 [notice] 33#33: exit
2025/05/31 13:10:49 [notice] 34#34: exit
2025/05/31 13:10:49 [notice] 1#1: signal 17 (SIGCHLD) received from 36
2025/05/31 13:10:49 [notice] 1#1: worker process 36 exited with code 0
2025/05/31 13:10:49 [notice] 1#1: signal 29 (SIGIO) received
2025/05/31 13:10:49 [notice] 1#1: signal 17 (SIGCHLD) received from 29
2025/05/31 13:10:49 [notice] 1#1: worker process 29 exited with code 0
2025/05/31 13:10:49 [notice] 1#1: signal 29 (SIGIO) received
2025/05/31 13:10:49 [notice] 1#1: signal 17 (SIGCHLD) received from 32
2025/05/31 13:10:49 [notice] 1#1: worker process 32 exited with code 0
2025/05/31 13:10:49 [notice] 1#1: worker process 34 exited with code 0
2025/05/31 13:10:49 [notice] 1#1: worker process 35 exited with code 0
2025/05/31 13:10:49 [notice] 1#1: signal 29 (SIGIO) received
2025/05/31 13:10:49 [notice] 1#1: signal 17 (SIGCHLD) received from 35
2025/05/31 13:10:49 [notice] 1#1: worker process 30 exited with code 0
2025/05/31 13:10:49 [notice] 1#1: worker process 37 exited with code 0
2025/05/31 13:10:49 [notice] 1#1: worker process 38 exited with code 0
2025/05/31 13:10:49 [notice] 1#1: signal 29 (SIGIO) received
2025/05/31 13:10:49 [notice] 1#1: signal 17 (SIGCHLD) received from 38
2025/05/31 13:10:49 [notice] 1#1: signal 17 (SIGCHLD) received from 33
2025/05/31 13:10:49 [notice] 1#1: worker process 31 exited with code 0
2025/05/31 13:10:49 [notice] 1#1: worker process 33 exited with code 0
2025/05/31 13:10:49 [notice] 1#1: worker process 39 exited with code 0
2025/05/31 13:10:49 [notice] 1#1: worker process 40 exited with code 0
2025/05/31 13:10:49 [notice] 1#1: exit
2025/05/31 13:10:54 [notice] 1#1: using the "epoll" event method
2025/05/31 13:10:54 [notice] 1#1: nginx/1.27.5
2025/05/31 13:10:54 [notice] 1#1: built by gcc 14.2.0 (Alpine 14.2.0) 
2025/05/31 13:10:54 [notice] 1#1: OS: Linux 5.15.167.4-microsoft-standard-WSL2
2025/05/31 13:10:54 [notice] 1#1: getrlimit(RLIMIT_NOFILE): 1048576:1048576
2025/05/31 13:10:54 [notice] 1#1: start worker processes
2025/05/31 13:10:54 [notice] 1#1: start worker process 29
2025/05/31 13:10:54 [notice] 1#1: start worker process 30
2025/05/31 13:10:54 [notice] 1#1: start worker process 31
2025/05/31 13:10:54 [notice] 1#1: start worker process 32
2025/05/31 13:10:54 [notice] 1#1: start worker process 33
2025/05/31 13:10:54 [notice] 1#1: start worker process 34
2025/05/31 13:10:54 [notice] 1#1: start worker process 35
2025/05/31 13:10:54 [notice] 1#1: start worker process 36
2025/05/31 13:10:54 [notice] 1#1: start worker process 37
2025/05/31 13:10:54 [notice] 1#1: start worker process 38
2025/05/31 13:10:54 [notice] 1#1: start worker process 39
2025/05/31 13:10:54 [notice] 1#1: start worker process 40
2025/05/31 13:12:10 [notice] 1#1: signal 3 (SIGQUIT) received, shutting down
2025/05/31 13:12:10 [notice] 29#29: gracefully shutting down
2025/05/31 13:12:10 [notice] 30#30: gracefully shutting down
2025/05/31 13:12:10 [notice] 30#30: exiting
2025/05/31 13:12:10 [notice] 31#31: gracefully shutting down
2025/05/31 13:12:10 [notice] 32#32: gracefully shutting down
2025/05/31 13:12:10 [notice] 34#34: gracefully shutting down
2025/05/31 13:12:10 [notice] 33#33: gracefully shutting down
2025/05/31 13:12:10 [notice] 33#33: exiting
2025/05/31 13:12:10 [notice] 38#38: gracefully shutting down
2025/05/31 13:12:10 [notice] 38#38: exiting
2025/05/31 13:12:10 [notice] 37#37: gracefully shutting down
2025/05/31 13:12:10 [notice] 37#37: exiting
2025/05/31 13:12:10 [notice] 39#39: gracefully shutting down
2025/05/31 13:12:10 [notice] 39#39: exiting
2025/05/31 13:12:10 [notice] 36#36: gracefully shutting down
2025/05/31 13:12:10 [notice] 40#40: gracefully shutting down
2025/05/31 13:12:10 [notice] 35#35: gracefully shutting down
2025/05/31 13:12:10 [notice] 35#35: exiting
2025/05/31 13:12:10 [notice] 29#29: exiting
2025/05/31 13:12:10 [notice] 30#30: exit
2025/05/31 13:12:10 [notice] 31#31: exiting
2025/05/31 13:12:10 [notice] 31#31: exit
2025/05/31 13:12:10 [notice] 32#32: exiting
2025/05/31 13:12:10 [notice] 32#32: exit
2025/05/31 13:12:10 [notice] 34#34: exiting
2025/05/31 13:12:10 [notice] 33#33: exit
2025/05/31 13:12:10 [notice] 38#38: exit
2025/05/31 13:12:10 [notice] 37#37: exit
2025/05/31 13:12:10 [notice] 39#39: exit
2025/05/31 13:12:10 [notice] 36#36: exiting
2025/05/31 13:12:10 [notice] 36#36: exit
2025/05/31 13:12:10 [notice] 40#40: exiting
2025/05/31 13:12:10 [notice] 40#40: exit
2025/05/31 13:12:10 [notice] 35#35: exit
2025/05/31 13:12:10 [notice] 29#29: exit
2025/05/31 13:12:10 [notice] 34#34: exit
2025/05/31 13:12:10 [notice] 1#1: signal 17 (SIGCHLD) received from 31
2025/05/31 13:12:10 [notice] 1#1: worker process 31 exited with code 0
2025/05/31 13:12:10 [notice] 1#1: signal 29 (SIGIO) received
2025/05/31 13:12:10 [notice] 1#1: signal 17 (SIGCHLD) received from 32
2025/05/31 13:12:10 [notice] 1#1: worker process 30 exited with code 0
2025/05/31 13:12:10 [notice] 1#1: worker process 32 exited with code 0
2025/05/31 13:12:10 [notice] 1#1: worker process 37 exited with code 0
2025/05/31 13:12:10 [notice] 1#1: signal 29 (SIGIO) received
2025/05/31 13:12:10 [notice] 1#1: signal 17 (SIGCHLD) received from 38
2025/05/31 13:12:10 [notice] 1#1: worker process 33 exited with code 0
2025/05/31 13:12:10 [notice] 1#1: worker process 38 exited with code 0
2025/05/31 13:12:10 [notice] 1#1: worker process 39 exited with code 0
2025/05/31 13:12:10 [notice] 1#1: signal 29 (SIGIO) received
2025/05/31 13:12:10 [notice] 1#1: signal 17 (SIGCHLD) received from 33
2025/05/31 13:12:10 [notice] 1#1: signal 17 (SIGCHLD) received from 35
2025/05/31 13:12:10 [notice] 1#1: worker process 35 exited with code 0
2025/05/31 13:12:10 [notice] 1#1: signal 29 (SIGIO) received
2025/05/31 13:12:10 [notice] 1#1: signal 17 (SIGCHLD) received from 34
2025/05/31 13:12:10 [notice] 1#1: worker process 34 exited with code 0
2025/05/31 13:12:10 [notice] 1#1: signal 29 (SIGIO) received
2025/05/31 13:12:10 [notice] 1#1: signal 17 (SIGCHLD) received from 36
2025/05/31 13:12:10 [notice] 1#1: worker process 36 exited with code 0
2025/05/31 13:12:10 [notice] 1#1: signal 29 (SIGIO) received
2025/05/31 13:12:10 [notice] 1#1: signal 17 (SIGCHLD) received from 29
2025/05/31 13:12:10 [notice] 1#1: worker process 29 exited with code 0
2025/05/31 13:12:10 [notice] 1#1: worker process 40 exited with code 0
2025/05/31 13:12:10 [notice] 1#1: exit
2025/05/31 13:12:52 [notice] 1#1: using the "epoll" event method
2025/05/31 13:12:52 [notice] 1#1: nginx/1.27.5
2025/05/31 13:12:52 [notice] 1#1: built by gcc 14.2.0 (Alpine 14.2.0) 
2025/05/31 13:12:52 [notice] 1#1: OS: Linux 5.15.167.4-microsoft-standard-WSL2
2025/05/31 13:12:52 [notice] 1#1: getrlimit(RLIMIT_NOFILE): 1048576:1048576
2025/05/31 13:12:52 [notice] 1#1: start worker processes
2025/05/31 13:12:52 [notice] 1#1: start worker process 29
2025/05/31 13:12:52 [notice] 1#1: start worker process 30
2025/05/31 13:12:52 [notice] 1#1: start worker process 31
2025/05/31 13:12:52 [notice] 1#1: start worker process 32
2025/05/31 13:12:52 [notice] 1#1: start worker process 33
2025/05/31 13:12:52 [notice] 1#1: start worker process 34
2025/05/31 13:12:52 [notice] 1#1: start worker process 35
2025/05/31 13:12:52 [notice] 1#1: start worker process 36
2025/05/31 13:12:52 [notice] 1#1: start worker process 37
2025/05/31 13:12:52 [notice] 1#1: start worker process 38
2025/05/31 13:12:52 [notice] 1#1: start worker process 39
2025/05/31 13:12:52 [notice] 1#1: start worker process 40
2025/05/31 13:14:34 [notice] 1#1: signal 3 (SIGQUIT) received, shutting down
2025/05/31 13:14:34 [notice] 29#29: gracefully shutting down
2025/05/31 13:14:34 [notice] 31#31: gracefully shutting down
2025/05/31 13:14:34 [notice] 30#30: gracefully shutting down
2025/05/31 13:14:34 [notice] 32#32: gracefully shutting down
2025/05/31 13:14:34 [notice] 33#33: gracefully shutting down
2025/05/31 13:14:34 [notice] 34#34: gracefully shutting down
2025/05/31 13:14:34 [notice] 36#36: gracefully shutting down
2025/05/31 13:14:34 [notice] 35#35: gracefully shutting down
2025/05/31 13:14:34 [notice] 37#37: gracefully shutting down
2025/05/31 13:14:34 [notice] 39#39: gracefully shutting down
2025/05/31 13:14:34 [notice] 40#40: gracefully shutting down
2025/05/31 13:14:34 [notice] 38#38: gracefully shutting down
2025/05/31 13:14:34 [notice] 29#29: exiting
2025/05/31 13:14:34 [notice] 31#31: exiting
2025/05/31 13:14:34 [notice] 29#29: exit
2025/05/31 13:14:34 [notice] 30#30: exiting
2025/05/31 13:14:34 [notice] 30#30: exit
2025/05/31 13:14:34 [notice] 32#32: exiting
2025/05/31 13:14:34 [notice] 33#33: exiting
2025/05/31 13:14:34 [notice] 34#34: exiting
2025/05/31 13:14:34 [notice] 36#36: exiting
2025/05/31 13:14:34 [notice] 34#34: exit
2025/05/31 13:14:34 [notice] 35#35: exiting
2025/05/31 13:14:34 [notice] 37#37: exiting
2025/05/31 13:14:34 [notice] 39#39: exiting
2025/05/31 13:14:34 [notice] 40#40: exiting
2025/05/31 13:14:34 [notice] 38#38: exiting
2025/05/31 13:14:34 [notice] 31#31: exit
2025/05/31 13:14:34 [notice] 32#32: exit
2025/05/31 13:14:34 [notice] 33#33: exit
2025/05/31 13:14:34 [notice] 36#36: exit
2025/05/31 13:14:34 [notice] 35#35: exit
2025/05/31 13:14:34 [notice] 37#37: exit
2025/05/31 13:14:34 [notice] 39#39: exit
2025/05/31 13:14:34 [notice] 40#40: exit
2025/05/31 13:14:34 [notice] 38#38: exit
2025/05/31 13:14:34 [notice] 1#1: signal 17 (SIGCHLD) received from 34
2025/05/31 13:14:34 [notice] 1#1: worker process 29 exited with code 0
2025/05/31 13:14:34 [notice] 1#1: worker process 31 exited with code 0
2025/05/31 13:14:34 [notice] 1#1: worker process 33 exited with code 0
2025/05/31 13:14:34 [notice] 1#1: worker process 34 exited with code 0
2025/05/31 13:14:34 [notice] 1#1: signal 29 (SIGIO) received
2025/05/31 13:14:34 [notice] 1#1: signal 17 (SIGCHLD) received from 29
2025/05/31 13:14:34 [notice] 1#1: signal 17 (SIGCHLD) received from 37
2025/05/31 13:14:34 [notice] 1#1: worker process 32 exited with code 0
2025/05/31 13:14:34 [notice] 1#1: worker process 37 exited with code 0
2025/05/31 13:14:34 [notice] 1#1: signal 29 (SIGIO) received
2025/05/31 13:14:34 [notice] 1#1: signal 17 (SIGCHLD) received from 30
2025/05/31 13:14:34 [notice] 1#1: worker process 30 exited with code 0
2025/05/31 13:14:34 [notice] 1#1: worker process 35 exited with code 0
2025/05/31 13:14:34 [notice] 1#1: signal 29 (SIGIO) received
2025/05/31 13:14:34 [notice] 1#1: signal 17 (SIGCHLD) received from 38
2025/05/31 13:14:34 [notice] 1#1: worker process 38 exited with code 0
2025/05/31 13:14:34 [notice] 1#1: signal 29 (SIGIO) received
2025/05/31 13:14:34 [notice] 1#1: signal 17 (SIGCHLD) received from 36
2025/05/31 13:14:34 [notice] 1#1: worker process 36 exited with code 0
2025/05/31 13:14:34 [notice] 1#1: signal 29 (SIGIO) received
2025/05/31 13:14:35 [notice] 1#1: signal 17 (SIGCHLD) received from 40
2025/05/31 13:14:35 [notice] 1#1: worker process 39 exited with code 0
2025/05/31 13:14:35 [notice] 1#1: worker process 40 exited with code 0
2025/05/31 13:14:35 [notice] 1#1: exit
2025/05/31 13:14:37 [notice] 1#1: using the "epoll" event method
2025/05/31 13:14:37 [notice] 1#1: nginx/1.27.5
2025/05/31 13:14:37 [notice] 1#1: built by gcc 14.2.0 (Alpine 14.2.0) 
2025/05/31 13:14:37 [notice] 1#1: OS: Linux 5.15.167.4-microsoft-standard-WSL2
2025/05/31 13:14:37 [notice] 1#1: getrlimit(RLIMIT_NOFILE): 1048576:1048576
2025/05/31 13:14:37 [notice] 1#1: start worker processes
2025/05/31 13:14:37 [notice] 1#1: start worker process 30
2025/05/31 13:14:37 [notice] 1#1: start worker process 31
2025/05/31 13:14:37 [notice] 1#1: start worker process 32
2025/05/31 13:14:37 [notice] 1#1: start worker process 33
2025/05/31 13:14:37 [notice] 1#1: start worker process 34
2025/05/31 13:14:37 [notice] 1#1: start worker process 35
2025/05/31 13:14:37 [notice] 1#1: start worker process 36
2025/05/31 13:14:37 [notice] 1#1: start worker process 37
2025/05/31 13:14:37 [notice] 1#1: start worker process 38
2025/05/31 13:14:37 [notice] 1#1: start worker process 39
2025/05/31 13:14:37 [notice] 1#1: start worker process 40
2025/05/31 13:14:37 [notice] 1#1: start worker process 41
2025/05/31 13:14:55 [error] 30#30: *1 connect() failed (111: Connection refused) while connecting to upstream, client: 172.18.0.1, server: smtu-med.ru, request: "GET / HTTP/1.1", upstream: "http://172.18.0.4:8000/", host: "localhost"
2025/05/31 13:22:19 [notice] 1#1: signal 3 (SIGQUIT) received, shutting down
2025/05/31 13:22:19 [notice] 30#30: gracefully shutting down
2025/05/31 13:22:19 [notice] 31#31: gracefully shutting down
2025/05/31 13:22:19 [notice] 32#32: gracefully shutting down
2025/05/31 13:22:19 [notice] 33#33: gracefully shutting down
2025/05/31 13:22:19 [notice] 34#34: gracefully shutting down
2025/05/31 13:22:19 [notice] 35#35: gracefully shutting down
2025/05/31 13:22:19 [notice] 36#36: gracefully shutting down
2025/05/31 13:22:19 [notice] 38#38: gracefully shutting down
2025/05/31 13:22:19 [notice] 37#37: gracefully shutting down
2025/05/31 13:22:19 [notice] 39#39: gracefully shutting down
2025/05/31 13:22:19 [notice] 40#40: gracefully shutting down
2025/05/31 13:22:19 [notice] 41#41: gracefully shutting down
2025/05/31 13:22:19 [notice] 30#30: exiting
2025/05/31 13:22:19 [notice] 31#31: exiting
2025/05/31 13:22:19 [notice] 32#32: exiting
2025/05/31 13:22:19 [notice] 33#33: exiting
2025/05/31 13:22:19 [notice] 34#34: exiting
2025/05/31 13:22:19 [notice] 35#35: exiting
2025/05/31 13:22:19 [notice] 36#36: exiting
2025/05/31 13:22:19 [notice] 38#38: exiting
2025/05/31 13:22:19 [notice] 37#37: exiting
2025/05/31 13:22:19 [notice] 39#39: exiting
2025/05/31 13:22:19 [notice] 40#40: exiting
2025/05/31 13:22:19 [notice] 41#41: exiting
2025/05/31 13:22:19 [notice] 30#30: exit
2025/05/31 13:22:19 [notice] 41#41: exit
2025/05/31 13:22:19 [notice] 31#31: exit
2025/05/31 13:22:19 [notice] 32#32: exit
2025/05/31 13:22:19 [notice] 33#33: exit
2025/05/31 13:22:19 [notice] 34#34: exit
2025/05/31 13:22:19 [notice] 35#35: exit
2025/05/31 13:22:19 [notice] 36#36: exit
2025/05/31 13:22:19 [notice] 38#38: exit
2025/05/31 13:22:19 [notice] 37#37: exit
2025/05/31 13:22:19 [notice] 39#39: exit
2025/05/31 13:22:19 [notice] 40#40: exit
2025/05/31 13:22:19 [notice] 1#1: signal 17 (SIGCHLD) received from 33
2025/05/31 13:22:19 [notice] 1#1: worker process 33 exited with code 0
2025/05/31 13:22:19 [notice] 1#1: signal 29 (SIGIO) received
2025/05/31 13:22:19 [notice] 1#1: signal 17 (SIGCHLD) received from 36
2025/05/31 13:22:19 [notice] 1#1: worker process 32 exited with code 0
2025/05/31 13:22:19 [notice] 1#1: worker process 36 exited with code 0
2025/05/31 13:22:19 [notice] 1#1: signal 29 (SIGIO) received
2025/05/31 13:22:19 [notice] 1#1: signal 17 (SIGCHLD) received from 30
2025/05/31 13:22:19 [notice] 1#1: worker process 30 exited with code 0
2025/05/31 13:22:19 [notice] 1#1: worker process 31 exited with code 0
2025/05/31 13:22:19 [notice] 1#1: worker process 35 exited with code 0
2025/05/31 13:22:19 [notice] 1#1: worker process 38 exited with code 0
2025/05/31 13:22:19 [notice] 1#1: worker process 39 exited with code 0
2025/05/31 13:22:19 [notice] 1#1: worker process 40 exited with code 0
2025/05/31 13:22:19 [notice] 1#1: worker process 41 exited with code 0
2025/05/31 13:22:19 [notice] 1#1: signal 29 (SIGIO) received
2025/05/31 13:22:19 [notice] 1#1: signal 17 (SIGCHLD) received from 35
2025/05/31 13:22:20 [notice] 1#1: signal 17 (SIGCHLD) received from 37
2025/05/31 13:22:20 [notice] 1#1: worker process 34 exited with code 0
2025/05/31 13:22:20 [notice] 1#1: worker process 37 exited with code 0
2025/05/31 13:22:20 [notice] 1#1: exit
2025/05/31 13:22:31 [notice] 1#1: using the "epoll" event method
2025/05/31 13:22:31 [notice] 1#1: nginx/1.27.5
2025/05/31 13:22:31 [notice] 1#1: built by gcc 14.2.0 (Alpine 14.2.0) 
2025/05/31 13:22:31 [notice] 1#1: OS: Linux 5.15.167.4-microsoft-standard-WSL2
2025/05/31 13:22:31 [notice] 1#1: getrlimit(RLIMIT_NOFILE): 1048576:1048576
2025/05/31 13:22:31 [notice] 1#1: start worker processes
2025/05/31 13:22:31 [notice] 1#1: start worker process 29
2025/05/31 13:22:31 [notice] 1#1: start worker process 30
2025/05/31 13:22:31 [notice] 1#1: start worker process 31
2025/05/31 13:22:31 [notice] 1#1: start worker process 32
2025/05/31 13:22:31 [notice] 1#1: start worker process 33
2025/05/31 13:22:31 [notice] 1#1: start worker process 34
2025/05/31 13:22:31 [notice] 1#1: start worker process 35
2025/05/31 13:22:31 [notice] 1#1: start worker process 36
2025/05/31 13:22:31 [notice] 1#1: start worker process 37
2025/05/31 13:22:31 [notice] 1#1: start worker process 38
2025/05/31 13:22:31 [notice] 1#1: start worker process 39
2025/05/31 13:22:31 [notice] 1#1: start worker process 40
